<?xml version="1.0" encoding="UTF-8"?>
<!-- Generated by org.testng.reporters.JUnitReportReporter -->
<testsuite hostname="DESKTOP-6SQHPST" failures="0" tests="4" name="TestFramework.Tests.PlaceOrdderTest" time="20.046" errors="0" timestamp="2025-03-01T16:42:47 IST" skipped="0">
  <testcase classname="TestFramework.Tests.PlaceOrdderTest" name="SubmitOrd" time="8.176"/>
  <system-out/>
  <testcase classname="TestFramework.Tests.PlaceOrdderTest" name="orderVerification" time="3.623"/>
  <system-out/>
  <testcase classname="TestFramework.Tests.PlaceOrdderTest" name="SubmitOrd" time="5.553"/>
  <system-out/>
  <testcase classname="TestFramework.Tests.PlaceOrdderTest" name="orderVerification" time="2.694"/>
  <system-out/>
</testsuite> <!-- TestFramework.Tests.PlaceOrdderTest -->
