<?xml version="1.0" encoding="UTF-8"?>
<!-- Generated by org.testng.reporters.JUnitReportReporter -->
<testsuite hostname="DESKTOP-6SQHPST" failures="0" tests="4" name="TestFramework.Tests.PlaceOrdderTest" time="20.644" errors="0" timestamp="2025-03-01T21:36:36 IST" skipped="0">
  <testcase classname="TestFramework.Tests.PlaceOrdderTest" name="SubmitOrd" time="5.300"/>
  <testcase classname="TestFramework.Tests.PlaceOrdderTest" name="SubmitOrd" time="8.185"/>
  <testcase classname="TestFramework.Tests.PlaceOrdderTest" name="orderVerification" time="2.895"/>
  <testcase classname="TestFramework.Tests.PlaceOrdderTest" name="orderVerification" time="4.264"/>
</testsuite> <!-- TestFramework.Tests.PlaceOrdderTest -->
