<?xml version="1.0" encoding="UTF-8"?>
<!-- Generated by org.testng.reporters.JUnitReportReporter -->
<testsuite hostname="DESKTOP-6SQHPST" failures="0" tests="2" name="TestFramework.Tests.ErrorValidation" time="11.647" errors="0" timestamp="2025-03-01T21:36:36 IST" skipped="0">
  <testcase classname="TestFramework.Tests.ErrorValidation" name="SubmitOrdValidationError" time="7.550"/>
  <testcase classname="TestFramework.Tests.ErrorValidation" name="loginError" time="4.097"/>
</testsuite> <!-- TestFramework.Tests.ErrorValidation -->
